<?xml version="1.0" encoding="UTF-8"?>
<testng-results skipped="0" failed="1" ignored="0" total="1" passed="0">
  <reporter-output>
  </reporter-output>
  <suite name="Default suite" duration-ms="11730574" started-at="2020-04-17T23:57:43Z" finished-at="2020-04-18T03:13:13Z">
    <groups>
    </groups>
    <test name="Default test" duration-ms="11730574" started-at="2020-04-17T23:57:43Z" finished-at="2020-04-18T03:13:13Z">
      <class name="MoreComplex_google">
        <test-method status="PASS" signature="g()[pri:0, instance:MoreComplex_google@1943d71]" name="g" is-config="true" duration-ms="51919" started-at="2020-04-17T23:57:43Z" finished-at="2020-04-17T23:58:35Z">
          <reporter-output>
          </reporter-output>
        </test-method> <!-- g -->
        <test-method status="FAIL" signature="a()[pri:0, instance:MoreComplex_google@1943d71]" name="a" duration-ms="11678312" started-at="2020-04-17T23:58:35Z" finished-at="2020-04-18T03:13:13Z">
          <exception class="java.lang.OutOfMemoryError">
            <message>
              <![CDATA[Java heap space]]>
            </message>
            <full-stacktrace>
              <![CDATA[java.lang.OutOfMemoryError: Java heap space
at org.apache.xmlbeans.impl.store.Cur.createElementXobj(Cur.java:260)
at org.apache.xmlbeans.impl.store.Cur$CurLoadContext.startElement(Cur.java:2997)
at org.apache.xmlbeans.impl.store.Locale.loadNode(Locale.java:1420)
at org.apache.xmlbeans.impl.store.Locale.loadNodeChildren(Locale.java:1403)
at org.apache.xmlbeans.impl.store.Locale.loadNode(Locale.java:1445)
at org.apache.xmlbeans.impl.store.Locale.loadNodeChildren(Locale.java:1403)
at org.apache.xmlbeans.impl.store.Locale.loadNode(Locale.java:1445)
at org.apache.xmlbeans.impl.store.Locale.loadNodeChildren(Locale.java:1403)
at org.apache.xmlbeans.impl.store.Locale.loadNode(Locale.java:1445)
at org.apache.xmlbeans.impl.store.Locale.parseToXmlObject(Locale.java:1385)
at org.apache.xmlbeans.impl.store.Locale.parseToXmlObject(Locale.java:1370)
at org.apache.xmlbeans.impl.schema.SchemaTypeLoaderBase.parse(SchemaTypeLoaderBase.java:370)
at org.apache.poi.POIXMLTypeLoader.parse(POIXMLTypeLoader.java:116)
at org.openxmlformats.schemas.spreadsheetml.x2006.main.WorksheetDocument$Factory.parse(Unknown Source)
at org.apache.poi.xssf.usermodel.XSSFSheet.read(XSSFSheet.java:184)
at org.apache.poi.xssf.usermodel.XSSFSheet.onDocumentRead(XSSFSheet.java:176)
at org.apache.poi.xssf.usermodel.XSSFWorkbook.parseSheet(XSSFWorkbook.java:428)
at org.apache.poi.xssf.usermodel.XSSFWorkbook.onDocumentRead(XSSFWorkbook.java:393)
at org.apache.poi.POIXMLDocument.load(POIXMLDocument.java:190)
at org.apache.poi.xssf.usermodel.XSSFWorkbook.<init>(XSSFWorkbook.java:290)
at Readwriteexcel.readexcel(Readwriteexcel.java:30)
at MoreComplex_google.a(MoreComplex_google.java:81)
at sun.reflect.NativeMethodAccessorImpl.invoke0(Native Method)
at sun.reflect.NativeMethodAccessorImpl.invoke(Unknown Source)
at sun.reflect.DelegatingMethodAccessorImpl.invoke(Unknown Source)
at java.lang.reflect.Method.invoke(Unknown Source)
at org.testng.internal.MethodInvocationHelper.invokeMethod(MethodInvocationHelper.java:124)
at org.testng.internal.Invoker.invokeMethod(Invoker.java:580)
at org.testng.internal.Invoker.invokeTestMethod(Invoker.java:716)
at org.testng.internal.Invoker.invokeTestMethods(Invoker.java:988)
at org.testng.internal.TestMethodWorker.invokeTestMethods(TestMethodWorker.java:125)
at org.testng.internal.TestMethodWorker.run(TestMethodWorker.java:109)
]]>
            </full-stacktrace>
          </exception> <!-- java.lang.OutOfMemoryError -->
          <reporter-output>
          </reporter-output>
        </test-method> <!-- a -->
      </class> <!-- MoreComplex_google -->
    </test> <!-- Default test -->
  </suite> <!-- Default suite -->
</testng-results>
